<?xml version="1.0" encoding="UTF-8"?>
<!-- Generated by org.testng.reporters.JUnitXMLReporter -->
<testsuite ignored="0" hostname="Chandramohan-PC" failures="1" tests="11" name="PVR movie booking App Test Cases" time="51.454" errors="0" timestamp="2024-12-16T15:47:24 IST">
  <testcase classname="com.pvr.qa.testcases.HomePageTest" name="checkImageDisplayTest" time="0.197"/>
  <testcase classname="com.pvr.qa.testcases.HomePageTest" name="selectLocationTest" time="2.347"/>
  <testcase classname="com.pvr.qa.testcases.HomePageTest" name="selectLocationDataTest" time="0.0">
    <failure type="java.lang.RuntimeException" message="java.lang.NullPointerException: Cannot invoke &amp;quot;java.io.InputStream.markSupported()&amp;quot; because &amp;quot;stream&amp;quot; is null">
      <![CDATA[java.lang.RuntimeException: java.lang.NullPointerException: Cannot invoke "java.io.InputStream.markSupported()" because "stream" is null
at java.base/java.util.ArrayList.forEach(ArrayList.java:1511)
at com.intellij.rt.testng.IDEARemoteTestNG.run(IDEARemoteTestNG.java:65)
at com.intellij.rt.testng.RemoteTestNGStarter.main(RemoteTestNGStarter.java:105)
Caused by: java.lang.NullPointerException: Cannot invoke "java.io.InputStream.markSupported()" because "stream" is null
at org.apache.poi.poifs.filesystem.FileMagic.prepareToCheckMagic(FileMagic.java:222)
at org.apache.poi.ss.usermodel.WorkbookFactory.create(WorkbookFactory.java:214)
at org.apache.poi.ss.usermodel.WorkbookFactory.create(WorkbookFactory.java:185)
at com.pvr.qa.util.TestUtil.getTestData(TestUtil.java:28)
at com.pvr.qa.testcases.HomePageTest.getPVRTestData(HomePageTest.java:48)
... 24 more
... Removed 27 stack frames]]>
    </failure>
  </testcase> <!-- selectLocationDataTest -->
  <testcase classname="com.pvr.qa.testcases.HomePageTest" name="searchMovieTest" time="1.023"/>
  <testcase classname="com.pvr.qa.testcases.HomePageTest" name="OfferButtonTest" time="0.142"/>
  <testcase classname="com.pvr.qa.testcases.HomePageTest" name="isPageTitleCorrectTest" time="0.008"/>
  <testcase classname="com.pvr.qa.testcases.UpComingFilmsTest" name="CheckUpComingDisplayTest" time="0.115"/>
  <testcase classname="com.pvr.qa.testcases.UpComingFilmsTest" name="countUpComingMoviesTest" time="0.018"/>
  <testcase classname="com.pvr.qa.testcases.UpComingFilmsTest" name="upComingMovieDatesTest" time="0.195"/>
  <testcase classname="com.pvr.qa.testcases.UpComingFilmsTest" name="checkSeeAllButtonTest" time="0.13"/>
  <testcase classname="com.pvr.qa.testcases.UpComingFilmsTest" name="checkAddToWishesTest" time="0.131"/>
</testsuite> <!-- PVR movie booking App Test Cases -->
